<?xml version='1.0' encoding='UTF-8'?>
<testsuite hostname="LAPTOP-I26RVKNU" name="battleship.PositionSpec" tests="3" errors="0" failures="0" skipped="0" time="0.022">
                     <properties>
[...]
</properties>
                     <testcase classname="battleship.PositionSpec" name="The Position 1 Object should show values" time="0.021">
                                                 
                                               </testcase><testcase classname="battleship.PositionSpec" name="The Position 2 Object should show values" time="0.001">
                                                 
                                               </testcase><testcase classname="battleship.PositionSpec" name="The Position 3 Object should show values" time="0.0">
                                                 
                                               </testcase>
                     <system-out><![CDATA[]]></system-out>
                     <system-err><![CDATA[]]></system-err>
                   </testsuite>